<?xml version="1.0" encoding="UTF-8"?>
<testsuite name="CarsAssembleTest" tests="12" skipped="6" failures="0" errors="0" timestamp="2022-01-25T00:59:33" hostname="N0MADD_KEN" time="0.075">
  <properties/>
  <testcase name="workingItemsPerMinuteForSpeedFive" classname="CarsAssembleTest" time="0.0">
    <skipped/>
  </testcase>
  <testcase name="workingItemsPerMinuteForSpeedNine" classname="CarsAssembleTest" time="0.0">
    <skipped/>
  </testcase>
  <testcase name="workingItemsPerMinuteForSpeedZero" classname="CarsAssembleTest" time="0.0">
    <skipped/>
  </testcase>
  <testcase name="workingItemsPerMinuteForSpeedEight" classname="CarsAssembleTest" time="0.0">
    <skipped/>
  </testcase>
  <testcase name="productionRatePerHourForSpeedSeven" classname="CarsAssembleTest" time="0.072"/>
  <testcase name="workingItemsPerMinuteForSpeedOne" classname="CarsAssembleTest" time="0.0">
    <skipped/>
  </testcase>
  <testcase name="workingItemsPerMinuteForSpeedTen" classname="CarsAssembleTest" time="0.0">
    <skipped/>
  </testcase>
  <testcase name="productionRatePerHourForSpeedOne" classname="CarsAssembleTest" time="0.0"/>
  <testcase name="productionRatePerHourForSpeedTen" classname="CarsAssembleTest" time="0.0"/>
  <testcase name="productionRatePerHourForSpeedFour" classname="CarsAssembleTest" time="0.001"/>
  <testcase name="productionRatePerHourForSpeedNine" classname="CarsAssembleTest" time="0.0"/>
  <testcase name="productionRatePerHourForSpeedZero" classname="CarsAssembleTest" time="0.0"/>
  <system-out><![CDATA[]]></system-out>
  <system-err><![CDATA[]]></system-err>
</testsuite>
